<?xml version="1.0" encoding="UTF-8"?>
<!-- Generated by org.testng.reporters.JUnitReportReporter -->
<testsuite hostname="Soumitra-IdeaPad" failures="0" tests="1" name="files.DynamicJson" time="1.689" errors="0" timestamp="2022-06-06T10:14:58 IST" skipped="0">
  <testcase classname="files.DynamicJson" name="addBook" time="1.689"/>
  <system-out/>
</testsuite> <!-- files.DynamicJson -->
