<?xml version="1.0" encoding="UTF-8"?>
<!-- Generated by org.testng.reporters.JUnitReportReporter -->
<testsuite hostname="Soumitra-IdeaPad" failures="0" tests="1" name="ApiTesting.ComplexJsonParse" time="2.059" errors="0" timestamp="2022-06-02T23:25:43 IST" skipped="0">
  <testcase classname="ApiTesting.ComplexJsonParse" name="complexJsonValidation" time="2.059"/>
  <system-out/>
</testsuite> <!-- ApiTesting.ComplexJsonParse -->
